mode: set
github.com/Vector/vector-leads-scraper/pkg/redis/scheduler/scheduler.go:67.30,71.72 1 1
github.com/Vector/vector-leads-scraper/pkg/redis/scheduler/scheduler.go:71.72,73.4 1 0
github.com/Vector/vector-leads-scraper/pkg/redis/scheduler/scheduler.go:100.68,101.19 1 1
github.com/Vector/vector-leads-scraper/pkg/redis/scheduler/scheduler.go:101.19,103.3 1 1
github.com/Vector/vector-leads-scraper/pkg/redis/scheduler/scheduler.go:104.2,104.28 1 1
github.com/Vector/vector-leads-scraper/pkg/redis/scheduler/scheduler.go:104.28,106.3 1 0
github.com/Vector/vector-leads-scraper/pkg/redis/scheduler/scheduler.go:107.2,107.32 1 1
github.com/Vector/vector-leads-scraper/pkg/redis/scheduler/scheduler.go:107.32,109.3 1 0
github.com/Vector/vector-leads-scraper/pkg/redis/scheduler/scheduler.go:110.2,110.33 1 1
github.com/Vector/vector-leads-scraper/pkg/redis/scheduler/scheduler.go:110.33,112.3 1 0
github.com/Vector/vector-leads-scraper/pkg/redis/scheduler/scheduler.go:114.2,125.3 1 1
github.com/Vector/vector-leads-scraper/pkg/redis/scheduler/scheduler.go:131.99,135.17 3 1
github.com/Vector/vector-leads-scraper/pkg/redis/scheduler/scheduler.go:135.17,137.3 1 1
github.com/Vector/vector-leads-scraper/pkg/redis/scheduler/scheduler.go:139.2,140.16 2 1
github.com/Vector/vector-leads-scraper/pkg/redis/scheduler/scheduler.go:140.16,142.3 1 1
github.com/Vector/vector-leads-scraper/pkg/redis/scheduler/scheduler.go:144.2,151.21 2 1
github.com/Vector/vector-leads-scraper/pkg/redis/scheduler/scheduler.go:155.54,159.17 3 1
github.com/Vector/vector-leads-scraper/pkg/redis/scheduler/scheduler.go:159.17,161.3 1 0
github.com/Vector/vector-leads-scraper/pkg/redis/scheduler/scheduler.go:163.2,163.56 1 1
github.com/Vector/vector-leads-scraper/pkg/redis/scheduler/scheduler.go:163.56,165.3 1 1
github.com/Vector/vector-leads-scraper/pkg/redis/scheduler/scheduler.go:167.2,168.12 2 1
github.com/Vector/vector-leads-scraper/pkg/redis/scheduler/scheduler.go:172.52,174.17 2 1
github.com/Vector/vector-leads-scraper/pkg/redis/scheduler/scheduler.go:174.17,177.3 2 0
github.com/Vector/vector-leads-scraper/pkg/redis/scheduler/scheduler.go:179.2,186.12 6 1
github.com/Vector/vector-leads-scraper/pkg/redis/scheduler/scheduler.go:186.12,188.3 1 1
github.com/Vector/vector-leads-scraper/pkg/redis/scheduler/scheduler.go:190.2,190.9 1 1
github.com/Vector/vector-leads-scraper/pkg/redis/scheduler/scheduler.go:191.23,192.22 1 1
github.com/Vector/vector-leads-scraper/pkg/redis/scheduler/scheduler.go:193.22,194.48 1 0
github.com/Vector/vector-leads-scraper/pkg/redis/scheduler/scheduler.go:199.34,203.18 3 1
github.com/Vector/vector-leads-scraper/pkg/redis/scheduler/scheduler.go:203.18,205.3 1 0
github.com/Vector/vector-leads-scraper/pkg/redis/scheduler/scheduler.go:207.2,207.25 1 1
github.com/Vector/vector-leads-scraper/pkg/redis/scheduler/scheduler.go:207.25,209.3 1 1
github.com/Vector/vector-leads-scraper/pkg/redis/scheduler/scheduler.go:212.2,218.12 5 1
github.com/Vector/vector-leads-scraper/pkg/redis/scheduler/scheduler.go:218.12,221.3 2 1
github.com/Vector/vector-leads-scraper/pkg/redis/scheduler/scheduler.go:224.2,224.9 1 1
github.com/Vector/vector-leads-scraper/pkg/redis/scheduler/scheduler.go:225.26,226.25 1 1
github.com/Vector/vector-leads-scraper/pkg/redis/scheduler/scheduler.go:226.25,228.4 1 0
github.com/Vector/vector-leads-scraper/pkg/redis/scheduler/scheduler.go:229.20,230.75 1 0
github.com/Vector/vector-leads-scraper/pkg/redis/scheduler/scheduler.go:234.2,234.41 1 1
github.com/Vector/vector-leads-scraper/pkg/redis/scheduler/scheduler.go:234.41,236.3 1 0
github.com/Vector/vector-leads-scraper/pkg/redis/scheduler/scheduler.go:238.2,239.12 2 1
github.com/Vector/vector-leads-scraper/pkg/redis/scheduler/scheduler.go:243.42,248.34 4 1
github.com/Vector/vector-leads-scraper/pkg/redis/scheduler/scheduler.go:248.34,250.3 1 1
github.com/Vector/vector-leads-scraper/pkg/redis/scheduler/scheduler.go:251.2,251.16 1 1
github.com/Vector/vector-leads-scraper/pkg/redis/scheduler/scheduler.go:255.43,257.2 1 1
github.com/Vector/vector-leads-scraper/pkg/redis/scheduler/scheduler.go:260.48,262.2 1 1
github.com/Vector/vector-leads-scraper/pkg/redis/scheduler/scheduler.go:265.38,267.2 1 1
github.com/Vector/vector-leads-scraper/pkg/redis/scheduler/scheduler.go:270.45,272.2 1 1
github.com/Vector/vector-leads-scraper/pkg/redis/scheduler/test_setup.go:35.29,39.16 2 0
github.com/Vector/vector-leads-scraper/pkg/redis/scheduler/test_setup.go:39.16,41.3 1 0
github.com/Vector/vector-leads-scraper/pkg/redis/scheduler/test_setup.go:42.2,42.15 1 0
github.com/Vector/vector-leads-scraper/pkg/redis/scheduler/test_setup.go:50.46,55.16 3 0
github.com/Vector/vector-leads-scraper/pkg/redis/scheduler/test_setup.go:55.16,57.3 1 0
github.com/Vector/vector-leads-scraper/pkg/redis/scheduler/test_setup.go:58.2,58.15 1 0
github.com/Vector/vector-leads-scraper/pkg/redis/scheduler/test_setup.go:58.15,59.55 1 0
github.com/Vector/vector-leads-scraper/pkg/redis/scheduler/test_setup.go:59.55,61.4 1 0
github.com/Vector/vector-leads-scraper/pkg/redis/scheduler/test_setup.go:65.2,73.72 2 0
github.com/Vector/vector-leads-scraper/pkg/redis/scheduler/test_setup.go:73.72,75.4 1 0
github.com/Vector/vector-leads-scraper/pkg/redis/scheduler/test_setup.go:79.2,80.18 2 0
github.com/Vector/vector-leads-scraper/pkg/redis/scheduler/test_setup.go:85.89,96.16 3 0
github.com/Vector/vector-leads-scraper/pkg/redis/scheduler/test_setup.go:96.16,98.3 1 0
github.com/Vector/vector-leads-scraper/pkg/redis/scheduler/test_setup.go:100.2,101.16 2 0
github.com/Vector/vector-leads-scraper/pkg/redis/scheduler/test_setup.go:101.16,103.3 1 0
github.com/Vector/vector-leads-scraper/pkg/redis/scheduler/test_setup.go:105.2,106.16 2 0
github.com/Vector/vector-leads-scraper/pkg/redis/scheduler/test_setup.go:106.16,108.3 1 0
github.com/Vector/vector-leads-scraper/pkg/redis/scheduler/test_setup.go:110.2,111.34 2 0
github.com/Vector/vector-leads-scraper/pkg/redis/scheduler/test_setup.go:116.36,120.72 1 1
github.com/Vector/vector-leads-scraper/pkg/redis/scheduler/test_setup.go:120.72,122.4 1 0
github.com/Vector/vector-leads-scraper/pkg/redis/tasks/data_cleanup_handler.go:20.47,21.25 1 1
github.com/Vector/vector-leads-scraper/pkg/redis/tasks/data_cleanup_handler.go:21.25,23.3 1 1
github.com/Vector/vector-leads-scraper/pkg/redis/tasks/data_cleanup_handler.go:24.2,24.26 1 1
github.com/Vector/vector-leads-scraper/pkg/redis/tasks/data_cleanup_handler.go:24.26,26.3 1 1
github.com/Vector/vector-leads-scraper/pkg/redis/tasks/data_cleanup_handler.go:27.2,27.22 1 1
github.com/Vector/vector-leads-scraper/pkg/redis/tasks/data_cleanup_handler.go:27.22,29.3 1 1
github.com/Vector/vector-leads-scraper/pkg/redis/tasks/data_cleanup_handler.go:30.2,30.12 1 1
github.com/Vector/vector-leads-scraper/pkg/redis/tasks/data_cleanup_handler.go:33.100,40.2 2 1
github.com/Vector/vector-leads-scraper/pkg/redis/tasks/data_cleanup_handler.go:43.87,45.34 1 1
github.com/Vector/vector-leads-scraper/pkg/redis/tasks/data_cleanup_handler.go:45.34,47.3 1 1
github.com/Vector/vector-leads-scraper/pkg/redis/tasks/data_cleanup_handler.go:49.2,50.65 2 1
github.com/Vector/vector-leads-scraper/pkg/redis/tasks/data_cleanup_handler.go:50.65,52.3 1 1
github.com/Vector/vector-leads-scraper/pkg/redis/tasks/data_cleanup_handler.go:54.2,54.43 1 1
github.com/Vector/vector-leads-scraper/pkg/redis/tasks/data_cleanup_handler.go:54.43,56.3 1 0
github.com/Vector/vector-leads-scraper/pkg/redis/tasks/data_cleanup_handler.go:65.2,65.12 1 1
github.com/Vector/vector-leads-scraper/pkg/redis/tasks/data_export_handler.go:20.46,21.24 1 1
github.com/Vector/vector-leads-scraper/pkg/redis/tasks/data_export_handler.go:21.24,23.3 1 1
github.com/Vector/vector-leads-scraper/pkg/redis/tasks/data_export_handler.go:24.2,24.25 1 1
github.com/Vector/vector-leads-scraper/pkg/redis/tasks/data_export_handler.go:24.25,26.3 1 1
github.com/Vector/vector-leads-scraper/pkg/redis/tasks/data_export_handler.go:27.2,27.20 1 1
github.com/Vector/vector-leads-scraper/pkg/redis/tasks/data_export_handler.go:27.20,29.3 1 1
github.com/Vector/vector-leads-scraper/pkg/redis/tasks/data_export_handler.go:30.2,30.12 1 1
github.com/Vector/vector-leads-scraper/pkg/redis/tasks/data_export_handler.go:33.110,41.2 2 1
github.com/Vector/vector-leads-scraper/pkg/redis/tasks/data_export_handler.go:44.86,46.65 2 1
github.com/Vector/vector-leads-scraper/pkg/redis/tasks/data_export_handler.go:46.65,48.3 1 1
github.com/Vector/vector-leads-scraper/pkg/redis/tasks/data_export_handler.go:50.2,50.43 1 1
github.com/Vector/vector-leads-scraper/pkg/redis/tasks/data_export_handler.go:50.43,52.3 1 1
github.com/Vector/vector-leads-scraper/pkg/redis/tasks/data_export_handler.go:61.2,61.12 1 1
github.com/Vector/vector-leads-scraper/pkg/redis/tasks/data_import_handler.go:20.46,21.24 1 1
github.com/Vector/vector-leads-scraper/pkg/redis/tasks/data_import_handler.go:21.24,23.3 1 1
github.com/Vector/vector-leads-scraper/pkg/redis/tasks/data_import_handler.go:24.2,24.20 1 1
github.com/Vector/vector-leads-scraper/pkg/redis/tasks/data_import_handler.go:24.20,26.3 1 1
github.com/Vector/vector-leads-scraper/pkg/redis/tasks/data_import_handler.go:27.2,27.20 1 1
github.com/Vector/vector-leads-scraper/pkg/redis/tasks/data_import_handler.go:27.20,29.3 1 1
github.com/Vector/vector-leads-scraper/pkg/redis/tasks/data_import_handler.go:30.2,30.12 1 1
github.com/Vector/vector-leads-scraper/pkg/redis/tasks/data_import_handler.go:33.105,41.2 2 1
github.com/Vector/vector-leads-scraper/pkg/redis/tasks/data_import_handler.go:44.86,46.65 2 1
github.com/Vector/vector-leads-scraper/pkg/redis/tasks/data_import_handler.go:46.65,48.3 1 1
github.com/Vector/vector-leads-scraper/pkg/redis/tasks/data_import_handler.go:50.2,50.43 1 1
github.com/Vector/vector-leads-scraper/pkg/redis/tasks/data_import_handler.go:50.43,52.3 1 1
github.com/Vector/vector-leads-scraper/pkg/redis/tasks/data_import_handler.go:61.2,61.12 1 1
github.com/Vector/vector-leads-scraper/pkg/redis/tasks/extract_email_handler.go:105.78,114.2 1 1
github.com/Vector/vector-leads-scraper/pkg/redis/tasks/extract_email_handler.go:131.108,137.23 3 1
github.com/Vector/vector-leads-scraper/pkg/redis/tasks/extract_email_handler.go:137.23,139.3 1 0
github.com/Vector/vector-leads-scraper/pkg/redis/tasks/extract_email_handler.go:142.2,145.54 2 1
github.com/Vector/vector-leads-scraper/pkg/redis/tasks/extract_email_handler.go:145.54,147.3 1 1
github.com/Vector/vector-leads-scraper/pkg/redis/tasks/extract_email_handler.go:150.2,150.22 1 1
github.com/Vector/vector-leads-scraper/pkg/redis/tasks/extract_email_handler.go:150.22,152.3 1 0
github.com/Vector/vector-leads-scraper/pkg/redis/tasks/extract_email_handler.go:155.2,161.44 2 1
github.com/Vector/vector-leads-scraper/pkg/redis/tasks/extract_email_handler.go:161.44,163.55 2 0
github.com/Vector/vector-leads-scraper/pkg/redis/tasks/extract_email_handler.go:163.55,165.18 2 0
github.com/Vector/vector-leads-scraper/pkg/redis/tasks/extract_email_handler.go:165.18,167.5 1 0
github.com/Vector/vector-leads-scraper/pkg/redis/tasks/extract_email_handler.go:169.4,169.63 1 0
github.com/Vector/vector-leads-scraper/pkg/redis/tasks/extract_email_handler.go:169.63,170.47 1 0
github.com/Vector/vector-leads-scraper/pkg/redis/tasks/extract_email_handler.go:170.47,172.20 2 0
github.com/Vector/vector-leads-scraper/pkg/redis/tasks/extract_email_handler.go:172.20,174.7 1 0
github.com/Vector/vector-leads-scraper/pkg/redis/tasks/extract_email_handler.go:175.6,176.79 2 0
github.com/Vector/vector-leads-scraper/pkg/redis/tasks/extract_email_handler.go:180.3,180.30 1 0
github.com/Vector/vector-leads-scraper/pkg/redis/tasks/extract_email_handler.go:183.2,183.25 1 1
github.com/Vector/vector-leads-scraper/pkg/redis/tasks/extract_email_handler.go:194.56,198.72 3 1
github.com/Vector/vector-leads-scraper/pkg/redis/tasks/extract_email_handler.go:198.72,200.13 2 1
github.com/Vector/vector-leads-scraper/pkg/redis/tasks/extract_email_handler.go:200.13,202.54 2 1
github.com/Vector/vector-leads-scraper/pkg/redis/tasks/extract_email_handler.go:202.54,203.21 1 1
github.com/Vector/vector-leads-scraper/pkg/redis/tasks/extract_email_handler.go:203.21,206.6 2 1
github.com/Vector/vector-leads-scraper/pkg/redis/tasks/extract_email_handler.go:211.2,211.15 1 1
github.com/Vector/vector-leads-scraper/pkg/redis/tasks/extract_email_handler.go:222.48,227.27 4 1
github.com/Vector/vector-leads-scraper/pkg/redis/tasks/extract_email_handler.go:227.27,228.35 1 1
github.com/Vector/vector-leads-scraper/pkg/redis/tasks/extract_email_handler.go:228.35,231.4 2 1
github.com/Vector/vector-leads-scraper/pkg/redis/tasks/extract_email_handler.go:234.2,234.15 1 1
github.com/Vector/vector-leads-scraper/pkg/redis/tasks/extract_email_handler.go:245.46,247.16 2 1
github.com/Vector/vector-leads-scraper/pkg/redis/tasks/extract_email_handler.go:247.16,249.3 1 0
github.com/Vector/vector-leads-scraper/pkg/redis/tasks/extract_email_handler.go:250.2,250.28 1 1
github.com/Vector/vector-leads-scraper/pkg/redis/tasks/extract_email_handler.go:285.87,292.16 3 1
github.com/Vector/vector-leads-scraper/pkg/redis/tasks/extract_email_handler.go:292.16,294.3 1 0
github.com/Vector/vector-leads-scraper/pkg/redis/tasks/extract_email_handler.go:295.2,295.60 1 1
github.com/Vector/vector-leads-scraper/pkg/redis/tasks/extract_email_handler.go:308.81,314.65 2 1
github.com/Vector/vector-leads-scraper/pkg/redis/tasks/extract_email_handler.go:314.65,316.3 1 1
github.com/Vector/vector-leads-scraper/pkg/redis/tasks/extract_email_handler.go:319.2,319.27 1 0
github.com/Vector/vector-leads-scraper/pkg/redis/tasks/extract_email_handler.go:319.27,321.3 1 0
github.com/Vector/vector-leads-scraper/pkg/redis/tasks/extract_email_handler.go:322.2,322.29 1 0
github.com/Vector/vector-leads-scraper/pkg/redis/tasks/extract_email_handler.go:322.29,324.3 1 0
github.com/Vector/vector-leads-scraper/pkg/redis/tasks/extract_email_handler.go:327.2,327.45 1 0
github.com/Vector/vector-leads-scraper/pkg/redis/tasks/extract_email_handler.go:327.45,329.3 1 0
github.com/Vector/vector-leads-scraper/pkg/redis/tasks/extract_email_handler.go:332.2,337.24 2 0
github.com/Vector/vector-leads-scraper/pkg/redis/tasks/extract_email_handler.go:337.24,339.3 1 0
github.com/Vector/vector-leads-scraper/pkg/redis/tasks/extract_email_handler.go:341.2,342.16 2 0
github.com/Vector/vector-leads-scraper/pkg/redis/tasks/extract_email_handler.go:342.16,344.3 1 0
github.com/Vector/vector-leads-scraper/pkg/redis/tasks/extract_email_handler.go:346.2,347.16 2 0
github.com/Vector/vector-leads-scraper/pkg/redis/tasks/extract_email_handler.go:347.16,349.3 1 0
github.com/Vector/vector-leads-scraper/pkg/redis/tasks/extract_email_handler.go:350.2,354.45 3 0
github.com/Vector/vector-leads-scraper/pkg/redis/tasks/extract_email_handler.go:354.45,355.65 1 0
github.com/Vector/vector-leads-scraper/pkg/redis/tasks/extract_email_handler.go:355.65,357.4 1 0
github.com/Vector/vector-leads-scraper/pkg/redis/tasks/extract_email_handler.go:360.2,360.12 1 0
github.com/Vector/vector-leads-scraper/pkg/redis/tasks/handler.go:167.48,168.26 1 1
github.com/Vector/vector-leads-scraper/pkg/redis/tasks/handler.go:168.26,170.3 1 1
github.com/Vector/vector-leads-scraper/pkg/redis/tasks/handler.go:181.62,182.26 1 1
github.com/Vector/vector-leads-scraper/pkg/redis/tasks/handler.go:182.26,184.3 1 1
github.com/Vector/vector-leads-scraper/pkg/redis/tasks/handler.go:195.59,196.26 1 1
github.com/Vector/vector-leads-scraper/pkg/redis/tasks/handler.go:196.26,198.3 1 1
github.com/Vector/vector-leads-scraper/pkg/redis/tasks/handler.go:209.50,210.26 1 1
github.com/Vector/vector-leads-scraper/pkg/redis/tasks/handler.go:210.26,212.3 1 1
github.com/Vector/vector-leads-scraper/pkg/redis/tasks/handler.go:223.43,224.26 1 1
github.com/Vector/vector-leads-scraper/pkg/redis/tasks/handler.go:224.26,226.3 1 1
github.com/Vector/vector-leads-scraper/pkg/redis/tasks/handler.go:237.50,238.26 1 1
github.com/Vector/vector-leads-scraper/pkg/redis/tasks/handler.go:238.26,240.3 1 1
github.com/Vector/vector-leads-scraper/pkg/redis/tasks/handler.go:251.55,252.26 1 1
github.com/Vector/vector-leads-scraper/pkg/redis/tasks/handler.go:252.26,254.3 1 1
github.com/Vector/vector-leads-scraper/pkg/redis/tasks/handler.go:266.49,274.27 2 1
github.com/Vector/vector-leads-scraper/pkg/redis/tasks/handler.go:274.27,276.3 1 1
github.com/Vector/vector-leads-scraper/pkg/redis/tasks/handler.go:278.2,278.10 1 1
github.com/Vector/vector-leads-scraper/pkg/redis/tasks/handler.go:296.76,300.21 3 1
github.com/Vector/vector-leads-scraper/pkg/redis/tasks/handler.go:301.32,302.40 1 1
github.com/Vector/vector-leads-scraper/pkg/redis/tasks/handler.go:303.33,304.39 1 1
github.com/Vector/vector-leads-scraper/pkg/redis/tasks/handler.go:305.32,306.13 1 0
github.com/Vector/vector-leads-scraper/pkg/redis/tasks/handler.go:307.35,308.13 1 0
github.com/Vector/vector-leads-scraper/pkg/redis/tasks/handler.go:309.32,310.45 1 0
github.com/Vector/vector-leads-scraper/pkg/redis/tasks/handler.go:311.33,312.46 1 0
github.com/Vector/vector-leads-scraper/pkg/redis/tasks/handler.go:313.31,314.44 1 0
github.com/Vector/vector-leads-scraper/pkg/redis/tasks/handler.go:315.35,316.48 1 0
github.com/Vector/vector-leads-scraper/pkg/redis/tasks/handler.go:317.31,318.44 1 0
github.com/Vector/vector-leads-scraper/pkg/redis/tasks/handler.go:319.31,320.44 1 0
github.com/Vector/vector-leads-scraper/pkg/redis/tasks/handler.go:321.32,322.45 1 0
github.com/Vector/vector-leads-scraper/pkg/redis/tasks/handler.go:323.10,324.58 1 1
github.com/Vector/vector-leads-scraper/pkg/redis/tasks/lead_enrich_handler.go:18.46,19.20 1 1
github.com/Vector/vector-leads-scraper/pkg/redis/tasks/lead_enrich_handler.go:19.20,21.3 1 1
github.com/Vector/vector-leads-scraper/pkg/redis/tasks/lead_enrich_handler.go:22.2,22.29 1 1
github.com/Vector/vector-leads-scraper/pkg/redis/tasks/lead_enrich_handler.go:22.29,24.3 1 1
github.com/Vector/vector-leads-scraper/pkg/redis/tasks/lead_enrich_handler.go:25.2,25.12 1 1
github.com/Vector/vector-leads-scraper/pkg/redis/tasks/lead_enrich_handler.go:29.86,31.34 1 1
github.com/Vector/vector-leads-scraper/pkg/redis/tasks/lead_enrich_handler.go:31.34,33.3 1 1
github.com/Vector/vector-leads-scraper/pkg/redis/tasks/lead_enrich_handler.go:35.2,36.65 2 1
github.com/Vector/vector-leads-scraper/pkg/redis/tasks/lead_enrich_handler.go:36.65,38.3 1 1
github.com/Vector/vector-leads-scraper/pkg/redis/tasks/lead_enrich_handler.go:40.2,40.43 1 1
github.com/Vector/vector-leads-scraper/pkg/redis/tasks/lead_enrich_handler.go:40.43,42.3 1 1
github.com/Vector/vector-leads-scraper/pkg/redis/tasks/lead_enrich_handler.go:51.2,51.12 1 1
github.com/Vector/vector-leads-scraper/pkg/redis/tasks/lead_enrich_handler.go:55.80,61.2 2 1
github.com/Vector/vector-leads-scraper/pkg/redis/tasks/lead_process_handler.go:20.47,21.20 1 1
github.com/Vector/vector-leads-scraper/pkg/redis/tasks/lead_process_handler.go:21.20,23.3 1 1
github.com/Vector/vector-leads-scraper/pkg/redis/tasks/lead_process_handler.go:24.2,24.20 1 1
github.com/Vector/vector-leads-scraper/pkg/redis/tasks/lead_process_handler.go:24.20,26.3 1 1
github.com/Vector/vector-leads-scraper/pkg/redis/tasks/lead_process_handler.go:27.2,27.22 1 1
github.com/Vector/vector-leads-scraper/pkg/redis/tasks/lead_process_handler.go:27.22,29.3 1 1
github.com/Vector/vector-leads-scraper/pkg/redis/tasks/lead_process_handler.go:30.2,30.12 1 1
github.com/Vector/vector-leads-scraper/pkg/redis/tasks/lead_process_handler.go:35.87,37.34 1 1
github.com/Vector/vector-leads-scraper/pkg/redis/tasks/lead_process_handler.go:37.34,39.3 1 1
github.com/Vector/vector-leads-scraper/pkg/redis/tasks/lead_process_handler.go:41.2,42.65 2 1
github.com/Vector/vector-leads-scraper/pkg/redis/tasks/lead_process_handler.go:42.65,44.3 1 1
github.com/Vector/vector-leads-scraper/pkg/redis/tasks/lead_process_handler.go:46.2,46.43 1 1
github.com/Vector/vector-leads-scraper/pkg/redis/tasks/lead_process_handler.go:46.43,48.3 1 1
github.com/Vector/vector-leads-scraper/pkg/redis/tasks/lead_process_handler.go:58.2,58.12 1 1
github.com/Vector/vector-leads-scraper/pkg/redis/tasks/lead_process_handler.go:62.117,70.2 2 1
github.com/Vector/vector-leads-scraper/pkg/redis/tasks/lead_validate_handler.go:18.48,19.20 1 1
github.com/Vector/vector-leads-scraper/pkg/redis/tasks/lead_validate_handler.go:19.20,21.3 1 1
github.com/Vector/vector-leads-scraper/pkg/redis/tasks/lead_validate_handler.go:22.2,22.12 1 1
github.com/Vector/vector-leads-scraper/pkg/redis/tasks/lead_validate_handler.go:26.88,28.34 1 1
github.com/Vector/vector-leads-scraper/pkg/redis/tasks/lead_validate_handler.go:28.34,30.3 1 1
github.com/Vector/vector-leads-scraper/pkg/redis/tasks/lead_validate_handler.go:32.2,33.65 2 1
github.com/Vector/vector-leads-scraper/pkg/redis/tasks/lead_validate_handler.go:33.65,35.3 1 1
github.com/Vector/vector-leads-scraper/pkg/redis/tasks/lead_validate_handler.go:37.2,37.43 1 1
github.com/Vector/vector-leads-scraper/pkg/redis/tasks/lead_validate_handler.go:37.43,39.3 1 1
github.com/Vector/vector-leads-scraper/pkg/redis/tasks/lead_validate_handler.go:49.2,49.12 1 1
github.com/Vector/vector-leads-scraper/pkg/redis/tasks/lead_validate_handler.go:53.86,54.19 1 1
github.com/Vector/vector-leads-scraper/pkg/redis/tasks/lead_validate_handler.go:54.19,56.3 1 1
github.com/Vector/vector-leads-scraper/pkg/redis/tasks/lead_validate_handler.go:57.2,61.52 2 1
github.com/Vector/vector-leads-scraper/pkg/redis/tasks/report_generate_handler.go:19.50,20.24 1 1
github.com/Vector/vector-leads-scraper/pkg/redis/tasks/report_generate_handler.go:20.24,22.3 1 1
github.com/Vector/vector-leads-scraper/pkg/redis/tasks/report_generate_handler.go:23.2,23.20 1 1
github.com/Vector/vector-leads-scraper/pkg/redis/tasks/report_generate_handler.go:23.20,25.3 1 1
github.com/Vector/vector-leads-scraper/pkg/redis/tasks/report_generate_handler.go:26.2,26.12 1 1
github.com/Vector/vector-leads-scraper/pkg/redis/tasks/report_generate_handler.go:30.90,32.34 1 1
github.com/Vector/vector-leads-scraper/pkg/redis/tasks/report_generate_handler.go:32.34,34.3 1 1
github.com/Vector/vector-leads-scraper/pkg/redis/tasks/report_generate_handler.go:36.2,37.65 2 1
github.com/Vector/vector-leads-scraper/pkg/redis/tasks/report_generate_handler.go:37.65,39.3 1 1
github.com/Vector/vector-leads-scraper/pkg/redis/tasks/report_generate_handler.go:41.2,41.43 1 1
github.com/Vector/vector-leads-scraper/pkg/redis/tasks/report_generate_handler.go:41.43,43.3 1 1
github.com/Vector/vector-leads-scraper/pkg/redis/tasks/report_generate_handler.go:53.2,53.12 1 1
github.com/Vector/vector-leads-scraper/pkg/redis/tasks/report_generate_handler.go:57.108,58.20 1 1
github.com/Vector/vector-leads-scraper/pkg/redis/tasks/report_generate_handler.go:58.20,60.3 1 1
github.com/Vector/vector-leads-scraper/pkg/redis/tasks/report_generate_handler.go:61.2,66.54 2 1
github.com/Vector/vector-leads-scraper/pkg/redis/tasks/scrape_gmaps_handler.go:141.68,143.16 2 1
github.com/Vector/vector-leads-scraper/pkg/redis/tasks/scrape_gmaps_handler.go:143.16,145.3 1 0
github.com/Vector/vector-leads-scraper/pkg/redis/tasks/scrape_gmaps_handler.go:146.2,146.59 1 1
github.com/Vector/vector-leads-scraper/pkg/redis/tasks/scrape_gmaps_handler.go:150.82,152.65 2 1
github.com/Vector/vector-leads-scraper/pkg/redis/tasks/scrape_gmaps_handler.go:152.65,154.3 1 1
github.com/Vector/vector-leads-scraper/pkg/redis/tasks/scrape_gmaps_handler.go:156.2,156.32 1 1
github.com/Vector/vector-leads-scraper/pkg/redis/tasks/scrape_gmaps_handler.go:156.32,158.3 1 1
github.com/Vector/vector-leads-scraper/pkg/redis/tasks/scrape_gmaps_handler.go:160.2,162.16 3 0
github.com/Vector/vector-leads-scraper/pkg/redis/tasks/scrape_gmaps_handler.go:162.16,164.3 1 0
github.com/Vector/vector-leads-scraper/pkg/redis/tasks/scrape_gmaps_handler.go:165.2,168.16 3 0
github.com/Vector/vector-leads-scraper/pkg/redis/tasks/scrape_gmaps_handler.go:168.16,170.3 1 0
github.com/Vector/vector-leads-scraper/pkg/redis/tasks/scrape_gmaps_handler.go:171.2,174.44 3 0
github.com/Vector/vector-leads-scraper/pkg/redis/tasks/scrape_gmaps_handler.go:174.44,176.3 1 0
github.com/Vector/vector-leads-scraper/pkg/redis/tasks/scrape_gmaps_handler.go:178.2,189.18 3 0
github.com/Vector/vector-leads-scraper/pkg/redis/tasks/scrape_gmaps_handler.go:189.18,190.27 1 0
github.com/Vector/vector-leads-scraper/pkg/redis/tasks/scrape_gmaps_handler.go:190.27,192.5 1 0
github.com/Vector/vector-leads-scraper/pkg/redis/tasks/scrape_gmaps_handler.go:193.4,193.34 1 0
github.com/Vector/vector-leads-scraper/pkg/redis/tasks/scrape_gmaps_handler.go:198.2,198.16 1 0
github.com/Vector/vector-leads-scraper/pkg/redis/tasks/scrape_gmaps_handler.go:198.16,200.3 1 0
github.com/Vector/vector-leads-scraper/pkg/redis/tasks/scrape_gmaps_handler.go:202.2,202.23 1 0
github.com/Vector/vector-leads-scraper/pkg/redis/tasks/scrape_gmaps_handler.go:202.23,206.26 3 0
github.com/Vector/vector-leads-scraper/pkg/redis/tasks/scrape_gmaps_handler.go:206.26,207.39 1 0
github.com/Vector/vector-leads-scraper/pkg/redis/tasks/scrape_gmaps_handler.go:207.39,209.5 1 0
github.com/Vector/vector-leads-scraper/pkg/redis/tasks/scrape_gmaps_handler.go:209.10,211.5 1 0
github.com/Vector/vector-leads-scraper/pkg/redis/tasks/scrape_gmaps_handler.go:214.3,222.57 6 0
github.com/Vector/vector-leads-scraper/pkg/redis/tasks/scrape_gmaps_handler.go:222.57,223.66 1 0
github.com/Vector/vector-leads-scraper/pkg/redis/tasks/scrape_gmaps_handler.go:223.66,225.5 1 0
github.com/Vector/vector-leads-scraper/pkg/redis/tasks/scrape_gmaps_handler.go:229.2,229.12 1 0
github.com/Vector/vector-leads-scraper/pkg/redis/tasks/scrape_gmaps_handler.go:233.128,239.23 2 1
github.com/Vector/vector-leads-scraper/pkg/redis/tasks/scrape_gmaps_handler.go:239.23,243.3 1 1
github.com/Vector/vector-leads-scraper/pkg/redis/tasks/scrape_gmaps_handler.go:243.8,247.3 1 1
github.com/Vector/vector-leads-scraper/pkg/redis/tasks/scrape_gmaps_handler.go:249.2,251.24 2 1
github.com/Vector/vector-leads-scraper/pkg/redis/tasks/scrape_gmaps_handler.go:251.24,254.3 2 0
github.com/Vector/vector-leads-scraper/pkg/redis/tasks/scrape_gmaps_handler.go:254.8,254.37 1 1
github.com/Vector/vector-leads-scraper/pkg/redis/tasks/scrape_gmaps_handler.go:254.37,259.3 2 0
github.com/Vector/vector-leads-scraper/pkg/redis/tasks/scrape_gmaps_handler.go:261.2,261.21 1 1
github.com/Vector/vector-leads-scraper/pkg/redis/tasks/scrape_gmaps_handler.go:261.21,266.3 1 1
github.com/Vector/vector-leads-scraper/pkg/redis/tasks/scrape_gmaps_handler.go:268.2,277.16 5 1
github.com/Vector/vector-leads-scraper/pkg/redis/tasks/scrape_gmaps_handler.go:277.16,279.3 1 0
github.com/Vector/vector-leads-scraper/pkg/redis/tasks/scrape_gmaps_handler.go:281.2,281.48 1 1
github.com/Vector/vector-leads-scraper/pkg/redis/tasks/tasks.go:39.35,41.2 1 1
github.com/Vector/vector-leads-scraper/pkg/redis/tasks/tasks.go:43.34,57.2 1 0
github.com/Vector/vector-leads-scraper/pkg/redis/tasks/tasks.go:166.58,169.2 2 0
github.com/Vector/vector-leads-scraper/pkg/redis/tasks/tasks.go:182.43,184.2 1 1
github.com/Vector/vector-leads-scraper/pkg/redis/tasks/tasks.go:187.68,188.20 1 1
github.com/Vector/vector-leads-scraper/pkg/redis/tasks/tasks.go:188.20,190.3 1 1
github.com/Vector/vector-leads-scraper/pkg/redis/tasks/tasks.go:192.2,192.43 1 1
github.com/Vector/vector-leads-scraper/pkg/redis/tasks/tasks.go:192.43,194.3 1 1
github.com/Vector/vector-leads-scraper/pkg/redis/tasks/tasks.go:196.2,204.27 2 1
github.com/Vector/vector-leads-scraper/pkg/redis/tasks/tasks.go:208.80,211.18 2 1
github.com/Vector/vector-leads-scraper/pkg/redis/tasks/tasks.go:212.24,214.57 2 1
github.com/Vector/vector-leads-scraper/pkg/redis/tasks/tasks.go:214.57,216.4 1 1
github.com/Vector/vector-leads-scraper/pkg/redis/tasks/tasks.go:217.3,217.14 1 1
github.com/Vector/vector-leads-scraper/pkg/redis/tasks/tasks.go:218.23,220.57 2 1
github.com/Vector/vector-leads-scraper/pkg/redis/tasks/tasks.go:220.57,222.4 1 0
github.com/Vector/vector-leads-scraper/pkg/redis/tasks/tasks.go:223.3,223.14 1 1
github.com/Vector/vector-leads-scraper/pkg/redis/tasks/tasks.go:224.23,226.57 2 1
github.com/Vector/vector-leads-scraper/pkg/redis/tasks/tasks.go:226.57,228.4 1 0
github.com/Vector/vector-leads-scraper/pkg/redis/tasks/tasks.go:229.3,229.38 1 1
github.com/Vector/vector-leads-scraper/pkg/redis/tasks/tasks.go:229.38,231.4 1 0
github.com/Vector/vector-leads-scraper/pkg/redis/tasks/tasks.go:232.3,232.14 1 1
github.com/Vector/vector-leads-scraper/pkg/redis/tasks/tasks.go:233.24,235.57 2 0
github.com/Vector/vector-leads-scraper/pkg/redis/tasks/tasks.go:235.57,237.4 1 0
github.com/Vector/vector-leads-scraper/pkg/redis/tasks/tasks.go:238.3,238.38 1 0
github.com/Vector/vector-leads-scraper/pkg/redis/tasks/tasks.go:238.38,240.4 1 0
github.com/Vector/vector-leads-scraper/pkg/redis/tasks/tasks.go:241.3,241.14 1 0
github.com/Vector/vector-leads-scraper/pkg/redis/tasks/tasks.go:242.22,244.57 2 0
github.com/Vector/vector-leads-scraper/pkg/redis/tasks/tasks.go:244.57,246.4 1 0
github.com/Vector/vector-leads-scraper/pkg/redis/tasks/tasks.go:247.3,247.38 1 0
github.com/Vector/vector-leads-scraper/pkg/redis/tasks/tasks.go:247.38,249.4 1 0
github.com/Vector/vector-leads-scraper/pkg/redis/tasks/tasks.go:250.3,250.14 1 0
github.com/Vector/vector-leads-scraper/pkg/redis/tasks/tasks.go:251.26,253.57 2 0
github.com/Vector/vector-leads-scraper/pkg/redis/tasks/tasks.go:253.57,255.4 1 0
github.com/Vector/vector-leads-scraper/pkg/redis/tasks/tasks.go:256.3,256.38 1 0
github.com/Vector/vector-leads-scraper/pkg/redis/tasks/tasks.go:256.38,258.4 1 0
github.com/Vector/vector-leads-scraper/pkg/redis/tasks/tasks.go:259.3,259.14 1 0
github.com/Vector/vector-leads-scraper/pkg/redis/tasks/tasks.go:260.22,262.57 2 0
github.com/Vector/vector-leads-scraper/pkg/redis/tasks/tasks.go:262.57,264.4 1 0
github.com/Vector/vector-leads-scraper/pkg/redis/tasks/tasks.go:265.3,265.38 1 0
github.com/Vector/vector-leads-scraper/pkg/redis/tasks/tasks.go:265.38,267.4 1 0
github.com/Vector/vector-leads-scraper/pkg/redis/tasks/tasks.go:268.3,268.14 1 0
github.com/Vector/vector-leads-scraper/pkg/redis/tasks/tasks.go:269.22,271.57 2 0
github.com/Vector/vector-leads-scraper/pkg/redis/tasks/tasks.go:271.57,273.4 1 0
github.com/Vector/vector-leads-scraper/pkg/redis/tasks/tasks.go:274.3,274.38 1 0
github.com/Vector/vector-leads-scraper/pkg/redis/tasks/tasks.go:274.38,276.4 1 0
github.com/Vector/vector-leads-scraper/pkg/redis/tasks/tasks.go:277.3,277.14 1 0
github.com/Vector/vector-leads-scraper/pkg/redis/tasks/tasks.go:278.23,280.57 2 0
github.com/Vector/vector-leads-scraper/pkg/redis/tasks/tasks.go:280.57,282.4 1 0
github.com/Vector/vector-leads-scraper/pkg/redis/tasks/tasks.go:283.3,283.38 1 0
github.com/Vector/vector-leads-scraper/pkg/redis/tasks/tasks.go:283.38,285.4 1 0
github.com/Vector/vector-leads-scraper/pkg/redis/tasks/tasks.go:286.3,286.14 1 0
github.com/Vector/vector-leads-scraper/pkg/redis/tasks/tasks.go:287.10,288.86 1 1
github.com/Vector/vector-leads-scraper/pkg/redis/tasks/tasks.go:291.2,291.21 1 1
github.com/Vector/vector-leads-scraper/pkg/redis/tasks/test_helpers.go:11.54,15.2 3 1
github.com/Vector/vector-leads-scraper/pkg/redis/priorityqueue/client.go:41.70,46.2 1 1
github.com/Vector/vector-leads-scraper/pkg/redis/priorityqueue/client.go:68.151,69.33 1 1
github.com/Vector/vector-leads-scraper/pkg/redis/priorityqueue/client.go:69.33,71.3 1 1
github.com/Vector/vector-leads-scraper/pkg/redis/priorityqueue/client.go:74.2,76.57 2 1
github.com/Vector/vector-leads-scraper/pkg/redis/priorityqueue/client.go:81.32,83.2 1 1
github.com/Vector/vector-leads-scraper/pkg/redis/priorityqueue/client.go:94.94,96.2 1 1
github.com/Vector/vector-leads-scraper/pkg/redis/priorityqueue/client.go:106.48,108.2 1 1
github.com/Vector/vector-leads-scraper/pkg/redis/priorityqueue/client.go:118.38,120.2 1 1
github.com/Vector/vector-leads-scraper/pkg/redis/priorityqueue/client.go:130.45,132.2 1 1
github.com/Vector/vector-leads-scraper/pkg/redis/priorityqueue/subscription.go:68.29,77.2 1 1
github.com/Vector/vector-leads-scraper/pkg/redis/priorityqueue/subscription.go:85.49,86.11 1 1
github.com/Vector/vector-leads-scraper/pkg/redis/priorityqueue/subscription.go:87.30,88.22 1 1
github.com/Vector/vector-leads-scraper/pkg/redis/priorityqueue/subscription.go:89.23,90.15 1 1
github.com/Vector/vector-leads-scraper/pkg/redis/priorityqueue/subscription.go:91.24,92.16 1 1
github.com/Vector/vector-leads-scraper/pkg/redis/priorityqueue/subscription.go:93.10,94.16 1 1
github.com/Vector/vector-leads-scraper/pkg/redis/priorityqueue/subscription.go:101.42,102.11 1 1
github.com/Vector/vector-leads-scraper/pkg/redis/priorityqueue/subscription.go:103.65,104.14 1 1
github.com/Vector/vector-leads-scraper/pkg/redis/priorityqueue/subscription.go:105.10,106.15 1 1
github.com/Vector/vector-leads-scraper/pkg/redis/config/config.go:60.61,61.13 1 1
github.com/Vector/vector-leads-scraper/pkg/redis/config/config.go:61.13,63.3 1 0
github.com/Vector/vector-leads-scraper/pkg/redis/config/config.go:65.2,68.29 3 1
github.com/Vector/vector-leads-scraper/pkg/redis/config/config.go:68.29,70.22 2 1
github.com/Vector/vector-leads-scraper/pkg/redis/config/config.go:70.22,72.4 1 0
github.com/Vector/vector-leads-scraper/pkg/redis/config/config.go:74.3,75.18 2 1
github.com/Vector/vector-leads-scraper/pkg/redis/config/config.go:75.18,77.4 1 0
github.com/Vector/vector-leads-scraper/pkg/redis/config/config.go:79.3,80.17 2 1
github.com/Vector/vector-leads-scraper/pkg/redis/config/config.go:80.17,82.4 1 1
github.com/Vector/vector-leads-scraper/pkg/redis/config/config.go:84.3,84.19 1 1
github.com/Vector/vector-leads-scraper/pkg/redis/config/config.go:84.19,86.4 1 0
github.com/Vector/vector-leads-scraper/pkg/redis/config/config.go:88.3,88.31 1 1
github.com/Vector/vector-leads-scraper/pkg/redis/config/config.go:91.2,91.24 1 1
github.com/Vector/vector-leads-scraper/pkg/redis/config/config.go:95.45,107.85 2 1
github.com/Vector/vector-leads-scraper/pkg/redis/config/config.go:107.85,109.17 2 1
github.com/Vector/vector-leads-scraper/pkg/redis/config/config.go:109.17,111.4 1 1
github.com/Vector/vector-leads-scraper/pkg/redis/config/config.go:112.3,112.35 1 1
github.com/Vector/vector-leads-scraper/pkg/redis/config/config.go:113.8,115.55 1 1
github.com/Vector/vector-leads-scraper/pkg/redis/config/config.go:115.55,117.4 1 1
github.com/Vector/vector-leads-scraper/pkg/redis/config/config.go:121.2,121.56 1 1
github.com/Vector/vector-leads-scraper/pkg/redis/config/config.go:121.56,123.17 2 1
github.com/Vector/vector-leads-scraper/pkg/redis/config/config.go:123.17,125.4 1 1
github.com/Vector/vector-leads-scraper/pkg/redis/config/config.go:128.3,129.17 2 1
github.com/Vector/vector-leads-scraper/pkg/redis/config/config.go:129.17,131.4 1 1
github.com/Vector/vector-leads-scraper/pkg/redis/config/config.go:133.3,133.43 1 1
github.com/Vector/vector-leads-scraper/pkg/redis/config/config.go:133.43,135.18 2 1
github.com/Vector/vector-leads-scraper/pkg/redis/config/config.go:135.18,137.5 1 0
github.com/Vector/vector-leads-scraper/pkg/redis/config/config.go:138.4,138.16 1 1
github.com/Vector/vector-leads-scraper/pkg/redis/config/config.go:139.9,141.4 1 0
github.com/Vector/vector-leads-scraper/pkg/redis/config/config.go:144.3,144.52 1 1
github.com/Vector/vector-leads-scraper/pkg/redis/config/config.go:144.52,146.4 1 1
github.com/Vector/vector-leads-scraper/pkg/redis/config/config.go:149.3,149.41 1 1
github.com/Vector/vector-leads-scraper/pkg/redis/config/config.go:149.41,151.18 2 1
github.com/Vector/vector-leads-scraper/pkg/redis/config/config.go:151.18,153.19 2 1
github.com/Vector/vector-leads-scraper/pkg/redis/config/config.go:153.19,155.6 1 0
github.com/Vector/vector-leads-scraper/pkg/redis/config/config.go:156.5,156.16 1 1
github.com/Vector/vector-leads-scraper/pkg/redis/config/config.go:159.8,162.102 1 1
github.com/Vector/vector-leads-scraper/pkg/redis/config/config.go:162.102,164.4 1 0
github.com/Vector/vector-leads-scraper/pkg/redis/config/config.go:164.9,166.4 1 1
github.com/Vector/vector-leads-scraper/pkg/redis/config/config.go:169.3,169.94 1 1
github.com/Vector/vector-leads-scraper/pkg/redis/config/config.go:169.94,171.4 1 0
github.com/Vector/vector-leads-scraper/pkg/redis/config/config.go:171.9,173.4 1 1
github.com/Vector/vector-leads-scraper/pkg/redis/config/config.go:178.2,178.113 1 1
github.com/Vector/vector-leads-scraper/pkg/redis/config/config.go:178.113,180.3 1 0
github.com/Vector/vector-leads-scraper/pkg/redis/config/config.go:180.8,182.3 1 1
github.com/Vector/vector-leads-scraper/pkg/redis/config/config.go:185.2,185.128 1 1
github.com/Vector/vector-leads-scraper/pkg/redis/config/config.go:185.128,187.3 1 0
github.com/Vector/vector-leads-scraper/pkg/redis/config/config.go:187.8,189.3 1 1
github.com/Vector/vector-leads-scraper/pkg/redis/config/config.go:192.2,192.123 1 1
github.com/Vector/vector-leads-scraper/pkg/redis/config/config.go:192.123,194.3 1 0
github.com/Vector/vector-leads-scraper/pkg/redis/config/config.go:194.8,196.3 1 1
github.com/Vector/vector-leads-scraper/pkg/redis/config/config.go:199.2,199.98 1 1
github.com/Vector/vector-leads-scraper/pkg/redis/config/config.go:199.98,201.3 1 0
github.com/Vector/vector-leads-scraper/pkg/redis/config/config.go:201.8,203.3 1 1
github.com/Vector/vector-leads-scraper/pkg/redis/config/config.go:206.2,206.16 1 1
github.com/Vector/vector-leads-scraper/pkg/redis/config/config.go:206.16,207.48 1 1
github.com/Vector/vector-leads-scraper/pkg/redis/config/config.go:207.48,209.4 1 1
github.com/Vector/vector-leads-scraper/pkg/redis/config/config.go:212.2,212.17 1 1
github.com/Vector/vector-leads-scraper/pkg/redis/config/config.go:216.45,218.66 2 1
github.com/Vector/vector-leads-scraper/pkg/redis/config/config.go:218.66,220.3 1 1
github.com/Vector/vector-leads-scraper/pkg/redis/config/config.go:221.2,221.43 1 1
github.com/Vector/vector-leads-scraper/pkg/redis/config/config.go:225.40,227.2 1 1
github.com/Vector/vector-leads-scraper/pkg/redis/config/config.go:229.45,231.16 2 1
github.com/Vector/vector-leads-scraper/pkg/redis/config/config.go:231.16,233.3 1 1
github.com/Vector/vector-leads-scraper/pkg/redis/config/config.go:234.2,234.32 1 1
github.com/Vector/vector-leads-scraper/pkg/redis/config/config.go:234.32,236.3 1 1
github.com/Vector/vector-leads-scraper/pkg/redis/config/config.go:237.2,237.15 1 1
github.com/Vector/vector-leads-scraper/pkg/redis/config/config.go:240.41,242.16 2 1
github.com/Vector/vector-leads-scraper/pkg/redis/config/config.go:242.16,244.3 1 1
github.com/Vector/vector-leads-scraper/pkg/redis/config/config.go:245.2,245.28 1 1
github.com/Vector/vector-leads-scraper/pkg/redis/config/config.go:245.28,247.3 1 1
github.com/Vector/vector-leads-scraper/pkg/redis/config/config.go:248.2,248.15 1 1
github.com/Vector/vector-leads-scraper/pkg/redis/config/config.go:251.51,253.16 2 1
github.com/Vector/vector-leads-scraper/pkg/redis/config/config.go:253.16,255.3 1 1
github.com/Vector/vector-leads-scraper/pkg/redis/config/config.go:256.2,256.38 1 1
github.com/Vector/vector-leads-scraper/pkg/redis/config/config.go:256.38,258.3 1 1
github.com/Vector/vector-leads-scraper/pkg/redis/config/config.go:259.2,259.15 1 1
github.com/Vector/vector-leads-scraper/pkg/redis/config/config.go:262.68,264.16 2 1
github.com/Vector/vector-leads-scraper/pkg/redis/config/config.go:264.16,266.3 1 1
github.com/Vector/vector-leads-scraper/pkg/redis/config/config.go:267.2,267.50 1 1
github.com/Vector/vector-leads-scraper/pkg/redis/config/config.go:267.50,269.3 1 1
github.com/Vector/vector-leads-scraper/pkg/redis/config/config.go:270.2,270.15 1 1
github.com/Vector/vector-leads-scraper/pkg/redis/config/config.go:273.54,275.16 2 1
github.com/Vector/vector-leads-scraper/pkg/redis/config/config.go:275.16,277.3 1 1
github.com/Vector/vector-leads-scraper/pkg/redis/config/config.go:278.2,278.44 1 1
github.com/Vector/vector-leads-scraper/pkg/redis/config/config.go:278.44,280.3 1 1
github.com/Vector/vector-leads-scraper/pkg/redis/config/config.go:281.2,281.15 1 1
github.com/Vector/vector-leads-scraper/pkg/redis/config/config.go:284.54,286.16 2 1
github.com/Vector/vector-leads-scraper/pkg/redis/config/config.go:286.16,288.3 1 1
github.com/Vector/vector-leads-scraper/pkg/redis/config/config.go:289.2,289.50 1 1
github.com/Vector/vector-leads-scraper/pkg/redis/config/config.go:289.50,291.3 1 1
github.com/Vector/vector-leads-scraper/pkg/redis/config/config.go:292.2,292.15 1 1
github.com/Vector/vector-leads-scraper/pkg/redis/config/config.go:295.48,296.24 1 1
github.com/Vector/vector-leads-scraper/pkg/redis/config/config.go:296.24,298.3 1 1
github.com/Vector/vector-leads-scraper/pkg/redis/config/config.go:299.2,299.23 1 1
github.com/Vector/vector-leads-scraper/pkg/redis/config/config.go:299.23,301.3 1 1
github.com/Vector/vector-leads-scraper/pkg/redis/config/config.go:304.2,304.56 1 1
github.com/Vector/vector-leads-scraper/pkg/redis/config/config.go:304.56,306.3 1 1
github.com/Vector/vector-leads-scraper/pkg/redis/config/config.go:307.2,307.55 1 1
github.com/Vector/vector-leads-scraper/pkg/redis/config/config.go:307.55,309.3 1 0
github.com/Vector/vector-leads-scraper/pkg/redis/config/config.go:310.2,310.22 1 1
github.com/Vector/vector-leads-scraper/pkg/redis/config/config.go:310.22,311.55 1 1
github.com/Vector/vector-leads-scraper/pkg/redis/config/config.go:311.55,313.4 1 0
github.com/Vector/vector-leads-scraper/pkg/redis/config/config.go:316.2,316.12 1 1
github.com/Vector/vector-leads-scraper/pkg/redis/config/config.go:319.43,320.41 1 1
github.com/Vector/vector-leads-scraper/pkg/redis/config/config.go:320.41,321.25 1 1
github.com/Vector/vector-leads-scraper/pkg/redis/config/config.go:321.25,323.4 1 1
github.com/Vector/vector-leads-scraper/pkg/redis/config/config.go:324.3,324.61 1 0
github.com/Vector/vector-leads-scraper/pkg/redis/config/config.go:326.2,326.12 1 1
github.com/Vector/vector-leads-scraper/pkg/redis/config/config.go:329.55,330.42 1 1
github.com/Vector/vector-leads-scraper/pkg/redis/config/config.go:330.42,332.3 1 1
github.com/Vector/vector-leads-scraper/pkg/redis/config/config.go:333.2,333.21 1 1
github.com/Vector/vector-leads-scraper/pkg/redis/config/config.go:336.34,339.2 2 1
github.com/Vector/vector-leads-scraper/pkg/redis/config/config.go:342.24,344.2 1 1
github.com/Vector/vector-leads-scraper/pkg/redis/aggregator.go:74.52,81.2 1 0
github.com/Vector/vector-leads-scraper/pkg/redis/aggregator.go:89.59,90.21 1 1
github.com/Vector/vector-leads-scraper/pkg/redis/aggregator.go:90.21,92.3 1 0
github.com/Vector/vector-leads-scraper/pkg/redis/aggregator.go:95.2,99.29 3 1
github.com/Vector/vector-leads-scraper/pkg/redis/aggregator.go:99.29,101.3 1 1
github.com/Vector/vector-leads-scraper/pkg/redis/aggregator.go:104.2,115.3 1 1
github.com/Vector/vector-leads-scraper/pkg/redis/aggregator.go:182.72,184.16 1 1
github.com/Vector/vector-leads-scraper/pkg/redis/aggregator.go:184.16,186.3 1 0
github.com/Vector/vector-leads-scraper/pkg/redis/aggregator.go:187.2,191.3 1 1
github.com/Vector/vector-leads-scraper/pkg/redis/aggregator.go:204.49,206.2 1 1
github.com/Vector/vector-leads-scraper/pkg/redis/aggregator.go:209.57,213.6 3 1
github.com/Vector/vector-leads-scraper/pkg/redis/aggregator.go:213.6,214.10 1 1
github.com/Vector/vector-leads-scraper/pkg/redis/aggregator.go:215.21,216.10 1 0
github.com/Vector/vector-leads-scraper/pkg/redis/aggregator.go:217.19,218.19 1 1
github.com/Vector/vector-leads-scraper/pkg/redis/aggregator.go:224.36,229.40 4 1
github.com/Vector/vector-leads-scraper/pkg/redis/aggregator.go:229.40,230.28 1 1
github.com/Vector/vector-leads-scraper/pkg/redis/aggregator.go:230.28,232.12 2 0
github.com/Vector/vector-leads-scraper/pkg/redis/aggregator.go:236.3,240.64 4 1
github.com/Vector/vector-leads-scraper/pkg/redis/aggregator.go:240.64,243.4 2 1
github.com/Vector/vector-leads-scraper/pkg/redis/aggregator.go:265.69,266.25 1 1
github.com/Vector/vector-leads-scraper/pkg/redis/aggregator.go:266.25,268.3 1 0
github.com/Vector/vector-leads-scraper/pkg/redis/aggregator.go:270.2,274.13 4 1
github.com/Vector/vector-leads-scraper/pkg/redis/aggregator.go:274.13,280.3 2 1
github.com/Vector/vector-leads-scraper/pkg/redis/aggregator.go:282.2,286.44 3 1
github.com/Vector/vector-leads-scraper/pkg/redis/aggregator.go:286.44,289.3 2 1
github.com/Vector/vector-leads-scraper/pkg/redis/aggregator.go:291.2,291.12 1 1
github.com/Vector/vector-leads-scraper/pkg/redis/aggregator.go:295.67,296.21 1 1
github.com/Vector/vector-leads-scraper/pkg/redis/aggregator.go:296.21,298.3 1 0
github.com/Vector/vector-leads-scraper/pkg/redis/aggregator.go:301.2,305.27 3 1
github.com/Vector/vector-leads-scraper/pkg/redis/aggregator.go:305.27,307.3 1 0
github.com/Vector/vector-leads-scraper/pkg/redis/aggregator.go:310.2,311.71 2 1
github.com/Vector/vector-leads-scraper/pkg/redis/aggregator.go:311.71,314.3 1 0
github.com/Vector/vector-leads-scraper/pkg/redis/client.go:171.58,172.16 1 1
github.com/Vector/vector-leads-scraper/pkg/redis/client.go:172.16,174.3 1 0
github.com/Vector/vector-leads-scraper/pkg/redis/client.go:177.2,198.65 6 1
github.com/Vector/vector-leads-scraper/pkg/redis/client.go:198.65,205.3 5 1
github.com/Vector/vector-leads-scraper/pkg/redis/client.go:207.2,213.8 1 1
github.com/Vector/vector-leads-scraper/pkg/redis/client.go:242.112,248.16 5 1
github.com/Vector/vector-leads-scraper/pkg/redis/client.go:248.16,250.3 1 0
github.com/Vector/vector-leads-scraper/pkg/redis/client.go:252.2,252.12 1 1
github.com/Vector/vector-leads-scraper/pkg/redis/client.go:296.158,307.16 5 0
github.com/Vector/vector-leads-scraper/pkg/redis/client.go:307.16,309.3 1 0
github.com/Vector/vector-leads-scraper/pkg/redis/client.go:311.2,311.12 1 0
github.com/Vector/vector-leads-scraper/pkg/redis/client.go:330.32,336.46 4 1
github.com/Vector/vector-leads-scraper/pkg/redis/client.go:336.46,338.3 1 0
github.com/Vector/vector-leads-scraper/pkg/redis/client.go:340.2,340.46 1 1
github.com/Vector/vector-leads-scraper/pkg/redis/client.go:340.46,342.3 1 0
github.com/Vector/vector-leads-scraper/pkg/redis/client.go:344.2,344.49 1 1
github.com/Vector/vector-leads-scraper/pkg/redis/client.go:344.49,347.3 1 0
github.com/Vector/vector-leads-scraper/pkg/redis/client.go:349.2,349.19 1 1
github.com/Vector/vector-leads-scraper/pkg/redis/client.go:349.19,351.3 1 0
github.com/Vector/vector-leads-scraper/pkg/redis/client.go:352.2,352.12 1 1
github.com/Vector/vector-leads-scraper/pkg/redis/client.go:389.54,394.50 3 0
github.com/Vector/vector-leads-scraper/pkg/redis/client.go:394.50,396.3 1 0
github.com/Vector/vector-leads-scraper/pkg/redis/client.go:399.2,404.35 3 0
github.com/Vector/vector-leads-scraper/pkg/redis/client.go:440.100,444.34 3 0
github.com/Vector/vector-leads-scraper/pkg/redis/client.go:444.34,445.36 1 0
github.com/Vector/vector-leads-scraper/pkg/redis/client.go:445.36,447.4 1 0
github.com/Vector/vector-leads-scraper/pkg/redis/client.go:449.3,449.24 1 0
github.com/Vector/vector-leads-scraper/pkg/redis/client.go:449.24,450.9 1 0
github.com/Vector/vector-leads-scraper/pkg/redis/client.go:453.3,455.16 3 0
github.com/Vector/vector-leads-scraper/pkg/redis/client.go:458.2,458.77 1 0
github.com/Vector/vector-leads-scraper/pkg/redis/client.go:474.81,479.65 3 1
github.com/Vector/vector-leads-scraper/pkg/redis/client.go:479.65,481.3 1 1
github.com/Vector/vector-leads-scraper/pkg/redis/client.go:484.2,484.52 1 1
github.com/Vector/vector-leads-scraper/pkg/redis/client.go:484.52,486.3 1 0
github.com/Vector/vector-leads-scraper/pkg/redis/client.go:488.2,488.12 1 1
github.com/Vector/vector-leads-scraper/pkg/redis/client.go:494.94,498.24 3 0
github.com/Vector/vector-leads-scraper/pkg/redis/client.go:498.24,504.3 1 0
github.com/Vector/vector-leads-scraper/pkg/redis/client.go:506.2,507.16 2 0
github.com/Vector/vector-leads-scraper/pkg/redis/client.go:507.16,509.3 1 0
github.com/Vector/vector-leads-scraper/pkg/redis/client.go:510.2,510.18 1 0
github.com/Vector/vector-leads-scraper/pkg/redis/client.go:515.123,519.24 3 0
github.com/Vector/vector-leads-scraper/pkg/redis/client.go:519.24,525.3 1 0
github.com/Vector/vector-leads-scraper/pkg/redis/client.go:527.2,528.16 2 0
github.com/Vector/vector-leads-scraper/pkg/redis/client.go:528.16,530.3 1 0
github.com/Vector/vector-leads-scraper/pkg/redis/client.go:531.2,531.19 1 0
github.com/Vector/vector-leads-scraper/pkg/redis/client.go:536.122,540.24 3 0
github.com/Vector/vector-leads-scraper/pkg/redis/client.go:540.24,546.3 1 0
github.com/Vector/vector-leads-scraper/pkg/redis/client.go:548.2,549.16 2 0
github.com/Vector/vector-leads-scraper/pkg/redis/client.go:549.16,551.3 1 0
github.com/Vector/vector-leads-scraper/pkg/redis/client.go:552.2,552.19 1 0
github.com/Vector/vector-leads-scraper/pkg/redis/client.go:558.74,562.24 3 0
github.com/Vector/vector-leads-scraper/pkg/redis/client.go:562.24,568.3 1 0
github.com/Vector/vector-leads-scraper/pkg/redis/client.go:570.2,571.16 2 0
github.com/Vector/vector-leads-scraper/pkg/redis/client.go:571.16,573.3 1 0
github.com/Vector/vector-leads-scraper/pkg/redis/client.go:574.2,574.12 1 0
github.com/Vector/vector-leads-scraper/pkg/redis/client.go:580.71,584.24 3 0
github.com/Vector/vector-leads-scraper/pkg/redis/client.go:584.24,590.3 1 0
github.com/Vector/vector-leads-scraper/pkg/redis/client.go:592.2,593.16 2 0
github.com/Vector/vector-leads-scraper/pkg/redis/client.go:593.16,595.3 1 0
github.com/Vector/vector-leads-scraper/pkg/redis/client.go:596.2,596.12 1 0
github.com/Vector/vector-leads-scraper/pkg/redis/client.go:602.83,606.24 3 0
github.com/Vector/vector-leads-scraper/pkg/redis/client.go:606.24,612.3 1 0
github.com/Vector/vector-leads-scraper/pkg/redis/client.go:614.2,615.16 2 0
github.com/Vector/vector-leads-scraper/pkg/redis/client.go:615.16,617.3 1 0
github.com/Vector/vector-leads-scraper/pkg/redis/client.go:618.2,618.12 1 0
github.com/Vector/vector-leads-scraper/pkg/redis/client.go:624.73,628.24 3 0
github.com/Vector/vector-leads-scraper/pkg/redis/client.go:628.24,634.3 1 0
github.com/Vector/vector-leads-scraper/pkg/redis/client.go:636.2,637.16 2 0
github.com/Vector/vector-leads-scraper/pkg/redis/client.go:637.16,639.3 1 0
github.com/Vector/vector-leads-scraper/pkg/redis/client.go:640.2,640.12 1 0
github.com/Vector/vector-leads-scraper/pkg/redis/init.go:22.62,27.24 3 0
github.com/Vector/vector-leads-scraper/pkg/redis/init.go:27.24,29.62 1 0
github.com/Vector/vector-leads-scraper/pkg/redis/init.go:29.62,31.4 1 0
github.com/Vector/vector-leads-scraper/pkg/redis/init.go:32.3,33.17 2 0
github.com/Vector/vector-leads-scraper/pkg/redis/init.go:33.17,35.4 1 0
github.com/Vector/vector-leads-scraper/pkg/redis/init.go:36.8,52.3 1 0
github.com/Vector/vector-leads-scraper/pkg/redis/init.go:55.2,59.16 3 0
github.com/Vector/vector-leads-scraper/pkg/redis/init.go:59.16,61.3 1 0
github.com/Vector/vector-leads-scraper/pkg/redis/init.go:64.2,65.16 2 0
github.com/Vector/vector-leads-scraper/pkg/redis/init.go:65.16,68.3 2 0
github.com/Vector/vector-leads-scraper/pkg/redis/init.go:70.2,74.8 1 0
github.com/Vector/vector-leads-scraper/pkg/redis/init.go:78.55,82.47 2 0
github.com/Vector/vector-leads-scraper/pkg/redis/init.go:82.47,84.3 1 0
github.com/Vector/vector-leads-scraper/pkg/redis/init.go:87.2,87.41 1 0
github.com/Vector/vector-leads-scraper/pkg/redis/init.go:87.41,89.3 1 0
github.com/Vector/vector-leads-scraper/pkg/redis/init.go:91.2,91.19 1 0
github.com/Vector/vector-leads-scraper/pkg/redis/init.go:91.19,93.3 1 0
github.com/Vector/vector-leads-scraper/pkg/redis/init.go:95.2,95.12 1 0
github.com/Vector/vector-leads-scraper/pkg/redis/operations.go:65.106,67.16 2 1
github.com/Vector/vector-leads-scraper/pkg/redis/operations.go:67.16,69.3 1 1
github.com/Vector/vector-leads-scraper/pkg/redis/operations.go:71.2,71.76 1 1
github.com/Vector/vector-leads-scraper/pkg/redis/operations.go:71.76,73.3 1 0
github.com/Vector/vector-leads-scraper/pkg/redis/operations.go:75.2,75.12 1 1
github.com/Vector/vector-leads-scraper/pkg/redis/operations.go:85.80,87.16 2 1
github.com/Vector/vector-leads-scraper/pkg/redis/operations.go:87.16,88.23 1 1
github.com/Vector/vector-leads-scraper/pkg/redis/operations.go:88.23,90.4 1 1
github.com/Vector/vector-leads-scraper/pkg/redis/operations.go:91.3,91.52 1 0
github.com/Vector/vector-leads-scraper/pkg/redis/operations.go:94.2,94.52 1 1
github.com/Vector/vector-leads-scraper/pkg/redis/operations.go:94.52,96.3 1 0
github.com/Vector/vector-leads-scraper/pkg/redis/operations.go:98.2,98.12 1 1
github.com/Vector/vector-leads-scraper/pkg/redis/operations.go:106.64,107.58 1 1
github.com/Vector/vector-leads-scraper/pkg/redis/operations.go:107.58,109.3 1 0
github.com/Vector/vector-leads-scraper/pkg/redis/operations.go:111.2,111.12 1 1
github.com/Vector/vector-leads-scraper/pkg/redis/operations.go:121.83,124.16 2 1
github.com/Vector/vector-leads-scraper/pkg/redis/operations.go:124.16,126.3 1 0
github.com/Vector/vector-leads-scraper/pkg/redis/operations.go:127.2,127.17 1 1
github.com/Vector/vector-leads-scraper/pkg/redis/operations.go:127.17,129.3 1 1
github.com/Vector/vector-leads-scraper/pkg/redis/operations.go:132.2,133.16 2 1
github.com/Vector/vector-leads-scraper/pkg/redis/operations.go:133.16,135.3 1 0
github.com/Vector/vector-leads-scraper/pkg/redis/operations.go:138.2,138.36 1 1
github.com/Vector/vector-leads-scraper/pkg/redis/operations.go:151.128,153.16 2 1
github.com/Vector/vector-leads-scraper/pkg/redis/operations.go:153.16,155.3 1 0
github.com/Vector/vector-leads-scraper/pkg/redis/operations.go:158.2,159.16 2 1
github.com/Vector/vector-leads-scraper/pkg/redis/operations.go:159.16,161.3 1 0
github.com/Vector/vector-leads-scraper/pkg/redis/operations.go:163.2,163.16 1 1
github.com/Vector/vector-leads-scraper/pkg/redis/operations.go:175.81,177.16 2 1
github.com/Vector/vector-leads-scraper/pkg/redis/operations.go:177.16,179.3 1 0
github.com/Vector/vector-leads-scraper/pkg/redis/operations.go:180.2,180.17 1 1
github.com/Vector/vector-leads-scraper/pkg/redis/operations.go:189.100,191.16 2 1
github.com/Vector/vector-leads-scraper/pkg/redis/operations.go:191.16,193.3 1 0
github.com/Vector/vector-leads-scraper/pkg/redis/operations.go:194.2,194.9 1 1
github.com/Vector/vector-leads-scraper/pkg/redis/operations.go:194.9,196.3 1 1
github.com/Vector/vector-leads-scraper/pkg/redis/operations.go:197.2,197.12 1 1
github.com/Vector/vector-leads-scraper/pkg/redis/operations.go:210.104,218.16 5 1
github.com/Vector/vector-leads-scraper/pkg/redis/operations.go:218.16,220.3 1 0
github.com/Vector/vector-leads-scraper/pkg/redis/operations.go:223.2,224.16 2 1
github.com/Vector/vector-leads-scraper/pkg/redis/operations.go:224.16,225.23 1 0
github.com/Vector/vector-leads-scraper/pkg/redis/operations.go:225.23,227.4 1 0
github.com/Vector/vector-leads-scraper/pkg/redis/operations.go:228.3,228.55 1 0
github.com/Vector/vector-leads-scraper/pkg/redis/operations.go:232.2,232.52 1 1
github.com/Vector/vector-leads-scraper/pkg/redis/operations.go:232.52,234.3 1 0
github.com/Vector/vector-leads-scraper/pkg/redis/operations.go:237.2,238.16 2 1
github.com/Vector/vector-leads-scraper/pkg/redis/operations.go:238.16,240.3 1 0
github.com/Vector/vector-leads-scraper/pkg/redis/operations.go:242.2,242.17 1 1
github.com/Vector/vector-leads-scraper/pkg/redis/server.go:23.58,38.75 2 1
github.com/Vector/vector-leads-scraper/pkg/redis/server.go:38.75,39.28 1 1
github.com/Vector/vector-leads-scraper/pkg/redis/server.go:39.28,42.6 2 0
github.com/Vector/vector-leads-scraper/pkg/redis/server.go:44.5,45.34 2 1
github.com/Vector/vector-leads-scraper/pkg/redis/server.go:45.34,47.6 1 1
github.com/Vector/vector-leads-scraper/pkg/redis/server.go:48.5,49.17 2 1
github.com/Vector/vector-leads-scraper/pkg/redis/server.go:56.2,60.8 1 1
github.com/Vector/vector-leads-scraper/pkg/redis/server.go:64.72,68.44 3 1
github.com/Vector/vector-leads-scraper/pkg/redis/server.go:68.44,70.3 1 0
github.com/Vector/vector-leads-scraper/pkg/redis/server.go:73.2,75.12 2 1
github.com/Vector/vector-leads-scraper/pkg/redis/server.go:79.54,85.2 4 0
github.com/Vector/vector-leads-scraper/pkg/redis/server.go:88.54,95.2 3 0
github.com/Vector/vector-leads-scraper/pkg/redis/server.go:98.53,102.6 3 1
github.com/Vector/vector-leads-scraper/pkg/redis/server.go:102.6,103.10 1 1
github.com/Vector/vector-leads-scraper/pkg/redis/server.go:104.21,105.10 1 1
github.com/Vector/vector-leads-scraper/pkg/redis/server.go:106.19,107.25 1 0
github.com/Vector/vector-leads-scraper/pkg/redis/server.go:107.25,109.5 1 0
github.com/Vector/vector-leads-scraper/pkg/redis/tasks.go:218.87,221.2 2 1
github.com/Vector/vector-leads-scraper/pkg/redis/tasks.go:225.51,227.2 1 1
github.com/Vector/vector-leads-scraper/pkg/redis/tasks.go:230.48,232.2 1 1
github.com/Vector/vector-leads-scraper/pkg/redis/tasks.go:235.47,237.2 1 1
github.com/Vector/vector-leads-scraper/pkg/redis/tasks.go:251.84,253.2 1 1
github.com/Vector/vector-leads-scraper/pkg/redis/tasks.go:269.115,270.29 1 1
github.com/Vector/vector-leads-scraper/pkg/redis/tasks.go:270.29,272.3 1 0
github.com/Vector/vector-leads-scraper/pkg/redis/tasks.go:273.2,274.57 2 1
github.com/Vector/vector-leads-scraper/pkg/redis/tasks.go:291.104,293.2 1 1
github.com/Vector/vector-leads-scraper/pkg/redis/tasks.go:309.135,310.29 1 1
github.com/Vector/vector-leads-scraper/pkg/redis/tasks.go:310.29,312.3 1 0
github.com/Vector/vector-leads-scraper/pkg/redis/tasks.go:313.2,314.55 2 1
github.com/Vector/vector-leads-scraper/pkg/redis/tasks.go:332.95,333.17 1 1
github.com/Vector/vector-leads-scraper/pkg/redis/tasks.go:333.17,335.3 1 0
github.com/Vector/vector-leads-scraper/pkg/redis/tasks.go:336.2,337.49 2 1
github.com/Vector/vector-leads-scraper/pkg/redis/tasks.go:355.126,356.29 1 1
github.com/Vector/vector-leads-scraper/pkg/redis/tasks.go:356.29,358.3 1 0
github.com/Vector/vector-leads-scraper/pkg/redis/tasks.go:359.2,359.17 1 1
github.com/Vector/vector-leads-scraper/pkg/redis/tasks.go:359.17,361.3 1 0
github.com/Vector/vector-leads-scraper/pkg/redis/tasks.go:362.2,364.57 3 1
github.com/Vector/vector-leads-scraper/pkg/redis/tasks.go:381.69,382.25 1 1
github.com/Vector/vector-leads-scraper/pkg/redis/tasks.go:382.25,384.3 1 1
github.com/Vector/vector-leads-scraper/pkg/redis/tasks.go:386.2,387.16 2 1
github.com/Vector/vector-leads-scraper/pkg/redis/tasks.go:387.16,389.3 1 0
github.com/Vector/vector-leads-scraper/pkg/redis/tasks.go:391.2,392.88 2 1
github.com/Vector/vector-leads-scraper/pkg/redis/tasks.go:392.88,394.3 1 0
github.com/Vector/vector-leads-scraper/pkg/redis/tasks.go:396.2,396.12 1 1
github.com/Vector/vector-leads-scraper/pkg/redis/tasks.go:402.128,404.21 1 1
github.com/Vector/vector-leads-scraper/pkg/redis/tasks.go:404.21,406.3 1 0
github.com/Vector/vector-leads-scraper/pkg/redis/tasks.go:407.2,407.22 1 1
github.com/Vector/vector-leads-scraper/pkg/redis/tasks.go:407.22,409.3 1 0
github.com/Vector/vector-leads-scraper/pkg/redis/tasks.go:412.2,412.26 1 1
github.com/Vector/vector-leads-scraper/pkg/redis/tasks.go:412.26,414.17 2 1
github.com/Vector/vector-leads-scraper/pkg/redis/tasks.go:414.17,416.4 1 0
github.com/Vector/vector-leads-scraper/pkg/redis/tasks.go:417.3,417.17 1 1
github.com/Vector/vector-leads-scraper/pkg/redis/tasks.go:417.17,419.4 1 1
github.com/Vector/vector-leads-scraper/pkg/redis/tasks.go:422.2,423.16 2 1
github.com/Vector/vector-leads-scraper/pkg/redis/tasks.go:423.16,425.3 1 0
github.com/Vector/vector-leads-scraper/pkg/redis/tasks.go:427.2,430.25 2 1
github.com/Vector/vector-leads-scraper/pkg/redis/tasks.go:430.25,433.20 2 1
github.com/Vector/vector-leads-scraper/pkg/redis/tasks.go:433.20,435.4 1 1
github.com/Vector/vector-leads-scraper/pkg/redis/tasks.go:436.8,436.32 1 1
github.com/Vector/vector-leads-scraper/pkg/redis/tasks.go:436.32,443.20 3 1
github.com/Vector/vector-leads-scraper/pkg/redis/tasks.go:443.20,445.4 1 0
github.com/Vector/vector-leads-scraper/pkg/redis/tasks.go:446.8,449.20 2 1
github.com/Vector/vector-leads-scraper/pkg/redis/tasks.go:449.20,451.4 1 1
github.com/Vector/vector-leads-scraper/pkg/redis/tasks.go:455.2,455.26 1 1
github.com/Vector/vector-leads-scraper/pkg/redis/tasks.go:455.26,457.3 1 1
github.com/Vector/vector-leads-scraper/pkg/redis/tasks.go:460.2,460.42 1 1
github.com/Vector/vector-leads-scraper/pkg/redis/tasks.go:460.42,462.3 1 0
github.com/Vector/vector-leads-scraper/pkg/redis/tasks.go:465.2,466.25 2 1
github.com/Vector/vector-leads-scraper/pkg/redis/tasks.go:466.25,468.3 1 1
github.com/Vector/vector-leads-scraper/pkg/redis/tasks.go:468.8,468.32 1 1
github.com/Vector/vector-leads-scraper/pkg/redis/tasks.go:468.32,470.3 1 1
github.com/Vector/vector-leads-scraper/pkg/redis/tasks.go:470.8,472.3 1 1
github.com/Vector/vector-leads-scraper/pkg/redis/tasks.go:474.2,478.8 1 1
